  D3DResorceLeakChecker.cpp
  DirectXCommon.cpp
  imgui.cpp
  imgui_demo.cpp
  imgui_draw.cpp
  imgui_impl_dx12.cpp
  imgui_impl_win32.cpp
  imgui_tables.cpp
  imgui_widgets.cpp
  Input.cpp
  Logger.cpp
  main.cpp
  Model.cpp
  ModelCommon.cpp
  ModelManager.cpp
  MyMath.cpp
  Object3d.cpp
  Object3dCommon.cpp
  Sprite.cpp
  SpriteCommon.cpp
  StringUtility.cpp
  TextureManager.cpp
  WinApp.cpp
  CG2_00_01.vcxproj -> C:\Users\k023g\Desktop\CG\CG2_00_01\x64\Debug\CG2_00_01.exe
          1 個のファイルをコピーしました。
          1 個のファイルをコピーしました。
