  D3DResorceLeakChecker.cpp
  DirectXCommon.cpp
  imgui.cpp
  imgui_demo.cpp
  imgui_draw.cpp
  imgui_impl_dx12.cpp
  imgui_impl_win32.cpp
  imgui_tables.cpp
  imgui_widgets.cpp
  Input.cpp
  Logger.cpp
  main.cpp
  Model.cpp
  ModelCommon.cpp
  ModelManager.cpp
  MyMath.cpp
  Object3d.cpp
  Object3dCommon.cpp
  Sprite.cpp
  SpriteCommon.cpp
  StringUtility.cpp
  TextureManager.cpp
  WinApp.cpp
  コード生成しています。
  809 of 3946 functions (20.5%) were compiled, the rest were copied from previous compilation.
    136 functions were new in current compilation
    193 functions had inline decision re-evaluated but remain unchanged
  コード生成が終了しました。
  CG2_00_01.vcxproj -> C:\Users\k023g\Desktop\CG\CG2_00_01\x64\Release\CG2_00_01.exe
